<?xml version="1.0" encoding="UTF-8"?>
<!-- Generated by org.testng.reporters.JUnitReportReporter -->
<testsuite hostname="Flounder" failures="0" tests="1" name="ui.TestUI" time="17.045" errors="0" timestamp="2022-07-11T00:45:37 BST" skipped="0">
  <testcase classname="ui.TestUI" name="testChosenProducts" time="17.045"/>
  <system-out/>
</testsuite> <!-- ui.TestUI -->
