<?xml version="1.0" encoding="UTF-8"?>
<!-- Generated by org.testng.reporters.JUnitReportReporter -->
<testsuite hostname="Flounder" failures="0" tests="1" name="ui.TestUI" time="20.384" errors="0" timestamp="2022-07-11T01:20:21 BST" skipped="0">
  <testcase classname="ui.TestUI" name="testChosenProducts" time="20.384"/>
  <system-out/>
</testsuite> <!-- ui.TestUI -->
